This file contains any messages produced by compilers while
running configure, to aid debugging if configure makes a mistake.

It was created by fftw configure 3.3.10, which was
generated by GNU Autoconf 2.69.  Invocation command line was

  $ ./configure --enable-threads --enable-openmp --enable-avx

## --------- ##
## Platform. ##
## --------- ##

hostname = amodem2
uname -m = armv7l
uname -r = 5.4.0-1042-raspi
uname -s = Linux
uname -v = #46-Ubuntu SMP PREEMPT Fri Jul 30 00:36:54 UTC 2021

/usr/bin/uname -p = armv7l
/bin/uname -X     = unknown

/bin/arch              = armv7l
/usr/bin/arch -k       = unknown
/usr/convex/getsysinfo = unknown
/usr/bin/hostinfo      = unknown
/bin/machine           = unknown
/usr/bin/oslevel       = unknown
/bin/universe          = unknown

PATH: /usr/local/sbin
PATH: /usr/local/bin
PATH: /usr/sbin
PATH: /usr/bin
PATH: /sbin
PATH: /bin
PATH: /usr/games
PATH: /usr/local/games
PATH: /snap/bin
PATH: /home/admin/amodem/NTNU_ROV_COM/lib/janus-c-3.0.5/fftw-3.3.10


## ----------- ##
## Core tests. ##
## ----------- ##

configure:2874: checking for a BSD-compatible install
configure:2942: result: /usr/bin/install -c
configure:2953: checking whether build environment is sane
configure:3008: result: yes
configure:3152: checking for a thread-safe mkdir -p
configure:3191: result: /usr/bin/mkdir -p
configure:3198: checking for gawk
configure:3214: found /usr/bin/gawk
configure:3225: result: gawk
configure:3236: checking whether make sets $(MAKE)
configure:3258: result: yes
configure:3287: checking whether make supports nested variables
configure:3304: result: yes
configure:3434: checking whether to enable maintainer-specific portions of Makefiles
configure:3443: result: no
configure:3491: checking build system type
configure:3505: result: armv7l-unknown-linux-gnueabihf
configure:3525: checking host system type
configure:3538: result: armv7l-unknown-linux-gnueabihf
configure:4172: checking for gcc
configure:4188: found /usr/bin/gcc
configure:4199: result: gcc
configure:4428: checking for C compiler version
configure:4437: gcc --version >&5
gcc (Ubuntu 9.3.0-17ubuntu1~20.04) 9.3.0
Copyright (C) 2019 Free Software Foundation, Inc.
This is free software; see the source for copying conditions.  There is NO
warranty; not even for MERCHANTABILITY or FITNESS FOR A PARTICULAR PURPOSE.

configure:4448: $? = 0
configure:4437: gcc -v >&5
Using built-in specs.
COLLECT_GCC=gcc
COLLECT_LTO_WRAPPER=/usr/lib/gcc/arm-linux-gnueabihf/9/lto-wrapper
Target: arm-linux-gnueabihf
Configured with: ../src/configure -v --with-pkgversion='Ubuntu 9.3.0-17ubuntu1~20.04' --with-bugurl=file:///usr/share/doc/gcc-9/README.Bugs --enable-languages=c,ada,c++,go,d,fortran,objc,obj-c++,gm2 --prefix=/usr --with-gcc-major-version-only --program-suffix=-9 --program-prefix=arm-linux-gnueabihf- --enable-shared --enable-linker-build-id --libexecdir=/usr/lib --without-included-gettext --enable-threads=posix --libdir=/usr/lib --enable-nls --enable-clocale=gnu --enable-libstdcxx-debug --enable-libstdcxx-time=yes --with-default-libstdcxx-abi=new --enable-gnu-unique-object --disable-libitm --disable-libquadmath --disable-libquadmath-support --enable-plugin --enable-default-pie --with-system-zlib --with-target-system-zlib=auto --enable-objc-gc=auto --enable-multiarch --enable-multilib --disable-sjlj-exceptions --with-arch=armv7-a --with-fpu=vfpv3-d16 --with-float=hard --with-mode=thumb --disable-werror --enable-multilib --enable-checking=release --build=arm-linux-gnueabihf --host=arm-linux-gnueabihf --target=arm-linux-gnueabihf
Thread model: posix
gcc version 9.3.0 (Ubuntu 9.3.0-17ubuntu1~20.04) 
configure:4448: $? = 0
configure:4437: gcc -V >&5
gcc: error: unrecognized command line option '-V'
gcc: fatal error: no input files
compilation terminated.
configure:4448: $? = 1
configure:4437: gcc -qversion >&5
gcc: error: unrecognized command line option '-qversion'; did you mean '--version'?
gcc: fatal error: no input files
compilation terminated.
configure:4448: $? = 1
configure:4468: checking whether the C compiler works
configure:4490: gcc    conftest.c  >&5
configure:4494: $? = 0
configure:4542: result: yes
configure:4545: checking for C compiler default output file name
configure:4547: result: a.out
configure:4553: checking for suffix of executables
configure:4560: gcc -o conftest    conftest.c  >&5
configure:4564: $? = 0
configure:4586: result: 
configure:4608: checking whether we are cross compiling
configure:4616: gcc -o conftest    conftest.c  >&5
configure:4620: $? = 0
configure:4627: ./conftest
configure:4631: $? = 0
configure:4619: result: no
configure:4624: checking for suffix of object files
configure:4646: gcc -c   conftest.c >&5
configure:4650: $? = 0
configure:4671: result: o
configure:4675: checking whether we are using the GNU C compiler
configure:4694: gcc -c   conftest.c >&5
configure:4694: $? = 0
configure:4703: result: yes
configure:4712: checking whether gcc accepts -g
configure:4732: gcc -c -g  conftest.c >&5
configure:4732: $? = 0
configure:4773: result: yes
configure:4790: checking for gcc option to accept ISO C89
configure:4853: gcc  -c -g -O2  conftest.c >&5
configure:4853: $? = 0
configure:4866: result: none needed
configure:4891: checking whether gcc understands -c and -o together
configure:4913: gcc -c conftest.c -o conftest2.o
configure:4916: $? = 0
configure:4913: gcc -c conftest.c -o conftest2.o
configure:4916: $? = 0
configure:4928: result: yes
configure:4948: checking whether make supports the include directive
configure:4963: make -f confmf.GNU && cat confinc.out
this is the am__doit target
configure:4966: $? = 0
configure:4985: result: yes (GNU style)
configure:5010: checking dependency style of gcc
configure:5121: result: gcc3
configure:5139: checking for C compiler vendor
configure:5163: gcc -c -g -O2  conftest.c >&5
conftest.c: In function 'main':
conftest.c:19:7: error: 'thisisanerror' undeclared (first use in this function)
   19 |       thisisanerror;
      |       ^~~~~~~~~~~~~
conftest.c:19:7: note: each undeclared identifier is reported only once for each function it appears in
configure:5163: $? = 1
configure: failed program was:
| /* confdefs.h */
| #define PACKAGE_NAME "fftw"
| #define PACKAGE_TARNAME "fftw"
| #define PACKAGE_VERSION "3.3.10"
| #define PACKAGE_STRING "fftw 3.3.10"
| #define PACKAGE_BUGREPORT "fftw@fftw.org"
| #define PACKAGE_URL ""
| #define PACKAGE "fftw"
| #define VERSION "3.3.10"
| #define FFTW_ENABLE_ALLOCA 1
| #define HAVE_AVX 1
| /* end confdefs.h.  */
| 
| int
| main ()
| {
| 
| #if !(defined(__ICC) || defined(__ECC) || defined(__INTEL_COMPILER))
|       thisisanerror;
| #endif
| 
|   ;
|   return 0;
| }
configure:5163: gcc -c -g -O2  conftest.c >&5
conftest.c: In function 'main':
conftest.c:19:7: error: 'thisisanerror' undeclared (first use in this function)
   19 |       thisisanerror;
      |       ^~~~~~~~~~~~~
conftest.c:19:7: note: each undeclared identifier is reported only once for each function it appears in
configure:5163: $? = 1
configure: failed program was:
| /* confdefs.h */
| #define PACKAGE_NAME "fftw"
| #define PACKAGE_TARNAME "fftw"
| #define PACKAGE_VERSION "3.3.10"
| #define PACKAGE_STRING "fftw 3.3.10"
| #define PACKAGE_BUGREPORT "fftw@fftw.org"
| #define PACKAGE_URL ""
| #define PACKAGE "fftw"
| #define VERSION "3.3.10"
| #define FFTW_ENABLE_ALLOCA 1
| #define HAVE_AVX 1
| /* end confdefs.h.  */
| 
| int
| main ()
| {
| 
| #if !(defined(__ibmxl__) || defined(__xlc__) || defined(__xlC__) || defined(__IBMC__) || defined(__IBMCPP__))
|       thisisanerror;
| #endif
| 
|   ;
|   return 0;
| }
configure:5163: gcc -c -g -O2  conftest.c >&5
conftest.c: In function 'main':
conftest.c:19:7: error: 'thisisanerror' undeclared (first use in this function)
   19 |       thisisanerror;
      |       ^~~~~~~~~~~~~
conftest.c:19:7: note: each undeclared identifier is reported only once for each function it appears in
configure:5163: $? = 1
configure: failed program was:
| /* confdefs.h */
| #define PACKAGE_NAME "fftw"
| #define PACKAGE_TARNAME "fftw"
| #define PACKAGE_VERSION "3.3.10"
| #define PACKAGE_STRING "fftw 3.3.10"
| #define PACKAGE_BUGREPORT "fftw@fftw.org"
| #define PACKAGE_URL ""
| #define PACKAGE "fftw"
| #define VERSION "3.3.10"
| #define FFTW_ENABLE_ALLOCA 1
| #define HAVE_AVX 1
| /* end confdefs.h.  */
| 
| int
| main ()
| {
| 
| #if !(defined(__PATHCC__) || defined(__PATHSCALE__))
|       thisisanerror;
| #endif
| 
|   ;
|   return 0;
| }
configure:5163: gcc -c -g -O2  conftest.c >&5
conftest.c: In function 'main':
conftest.c:19:7: error: 'thisisanerror' undeclared (first use in this function)
   19 |       thisisanerror;
      |       ^~~~~~~~~~~~~
conftest.c:19:7: note: each undeclared identifier is reported only once for each function it appears in
configure:5163: $? = 1
configure: failed program was:
| /* confdefs.h */
| #define PACKAGE_NAME "fftw"
| #define PACKAGE_TARNAME "fftw"
| #define PACKAGE_VERSION "3.3.10"
| #define PACKAGE_STRING "fftw 3.3.10"
| #define PACKAGE_BUGREPORT "fftw@fftw.org"
| #define PACKAGE_URL ""
| #define PACKAGE "fftw"
| #define VERSION "3.3.10"
| #define FFTW_ENABLE_ALLOCA 1
| #define HAVE_AVX 1
| /* end confdefs.h.  */
| 
| int
| main ()
| {
| 
| #if !(defined(__clang__))
|       thisisanerror;
| #endif
| 
|   ;
|   return 0;
| }
configure:5163: gcc -c -g -O2  conftest.c >&5
configure:5163: $? = 0
configure:5170: result: gnu
configure:5177: checking for gcc option to accept ISO C99
configure:5326: gcc  -c -g -O2  conftest.c >&5
configure:5326: $? = 0
configure:5339: result: none needed
configure:5447: checking for gcc option to accept ISO Standard C
configure:5458: result: none needed
configure:5466: checking whether ln -s works
configure:5470: result: yes
configure:5477: checking whether make sets $(MAKE)
configure:5499: result: yes
configure:5857: checking how to print strings
configure:5884: result: printf
configure:5905: checking for a sed that does not truncate output
configure:5969: result: /usr/bin/sed
configure:5987: checking for grep that handles long lines and -e
configure:6045: result: /usr/bin/grep
configure:6050: checking for egrep
configure:6112: result: /usr/bin/grep -E
configure:6117: checking for fgrep
configure:6179: result: /usr/bin/grep -F
configure:6214: checking for ld used by gcc
configure:6281: result: /usr/bin/ld
configure:6288: checking if the linker (/usr/bin/ld) is GNU ld
configure:6303: result: yes
configure:6315: checking for BSD- or MS-compatible name lister (nm)
configure:6369: result: /usr/bin/nm -B
configure:6499: checking the name lister (/usr/bin/nm -B) interface
configure:6506: gcc -c -g -O2  conftest.c >&5
configure:6509: /usr/bin/nm -B "conftest.o"
configure:6512: output
00000000 B some_variable
configure:6513: result: BSD nm
configure:6517: checking the maximum length of command line arguments
configure:6648: result: 1572864
configure:6696: checking how to convert armv7l-unknown-linux-gnueabihf file names to armv7l-unknown-linux-gnueabihf format
configure:6736: result: func_convert_file_noop
configure:6743: checking how to convert armv7l-unknown-linux-gnueabihf file names to toolchain format
configure:6763: result: func_convert_file_noop
configure:6770: checking for /usr/bin/ld option to reload object files
configure:6777: result: -r
configure:6851: checking for objdump
configure:6878: result: objdump
configure:6907: checking how to recognize dependent libraries
configure:7107: result: pass_all
configure:7192: checking for dlltool
configure:7219: result: dlltool
configure:7249: checking how to associate runtime and link libraries
configure:7276: result: printf %s\n
configure:7336: checking for ar
configure:7352: found /usr/bin/ar
configure:7363: result: ar
configure:7400: checking for archiver @FILE support
configure:7417: gcc -c -g -O2  conftest.c >&5
configure:7417: $? = 0
configure:7420: ar cr libconftest.a @conftest.lst >&5
configure:7423: $? = 0
configure:7428: ar cr libconftest.a @conftest.lst >&5
ar: conftest.o: No such file or directory
configure:7431: $? = 1
configure:7430: result: @
configure:7488: checking for strip
configure:7504: found /usr/bin/strip
configure:7515: result: strip
configure:7587: checking for ranlib
configure:7603: found /usr/bin/ranlib
configure:7614: result: ranlib
configure:7716: checking command to parse /usr/bin/nm -B output from gcc object
configure:7869: gcc -c -g -O2  conftest.c >&5
configure:7872: $? = 0
configure:7876: /usr/bin/nm -B conftest.o | sed -n -e 's/^.*[	 ]\([ABCDGIRSTW][ABCDGIRSTW]*\)[	 ][	 ]*\([_A-Za-z][_A-Za-z0-9]*\)$/\1 \2 \2/p' | sed '/ __gnu_lto/d' > conftest.nm
configure:7942: gcc -o conftest -g -O2   conftest.c conftstm.o >&5
configure:7945: $? = 0
configure:7983: result: ok
configure:8030: checking for sysroot
configure:8060: result: no
configure:8067: checking for a working dd
configure:8105: result: /usr/bin/dd
configure:8109: checking how to truncate binary pipes
configure:8124: result: /usr/bin/dd bs=4096 count=1
configure:8453: checking for mt
configure:8469: found /usr/bin/mt
configure:8480: result: mt
configure:8503: checking if mt is a manifest tool
configure:8509: mt '-?'
configure:8517: result: no
configure:9194: checking how to run the C preprocessor
configure:9225: gcc -E  conftest.c
configure:9225: $? = 0
configure:9239: gcc -E  conftest.c
conftest.c:13:10: fatal error: ac_nonexistent.h: No such file or directory
   13 | #include <ac_nonexistent.h>
      |          ^~~~~~~~~~~~~~~~~~
compilation terminated.
configure:9239: $? = 1
configure: failed program was:
| /* confdefs.h */
| #define PACKAGE_NAME "fftw"
| #define PACKAGE_TARNAME "fftw"
| #define PACKAGE_VERSION "3.3.10"
| #define PACKAGE_STRING "fftw 3.3.10"
| #define PACKAGE_BUGREPORT "fftw@fftw.org"
| #define PACKAGE_URL ""
| #define PACKAGE "fftw"
| #define VERSION "3.3.10"
| #define FFTW_ENABLE_ALLOCA 1
| #define HAVE_AVX 1
| /* end confdefs.h.  */
| #include <ac_nonexistent.h>
configure:9264: result: gcc -E
configure:9284: gcc -E  conftest.c
configure:9284: $? = 0
configure:9298: gcc -E  conftest.c
conftest.c:13:10: fatal error: ac_nonexistent.h: No such file or directory
   13 | #include <ac_nonexistent.h>
      |          ^~~~~~~~~~~~~~~~~~
compilation terminated.
configure:9298: $? = 1
configure: failed program was:
| /* confdefs.h */
| #define PACKAGE_NAME "fftw"
| #define PACKAGE_TARNAME "fftw"
| #define PACKAGE_VERSION "3.3.10"
| #define PACKAGE_STRING "fftw 3.3.10"
| #define PACKAGE_BUGREPORT "fftw@fftw.org"
| #define PACKAGE_URL ""
| #define PACKAGE "fftw"
| #define VERSION "3.3.10"
| #define FFTW_ENABLE_ALLOCA 1
| #define HAVE_AVX 1
| /* end confdefs.h.  */
| #include <ac_nonexistent.h>
configure:9327: checking for ANSI C header files
configure:9347: gcc -c -g -O2  conftest.c >&5
configure:9347: $? = 0
configure:9420: gcc -o conftest -g -O2   conftest.c  >&5
configure:9420: $? = 0
configure:9420: ./conftest
configure:9420: $? = 0
configure:9431: result: yes
configure:9444: checking for sys/types.h
configure:9444: gcc -c -g -O2  conftest.c >&5
configure:9444: $? = 0
configure:9444: result: yes
configure:9444: checking for sys/stat.h
configure:9444: gcc -c -g -O2  conftest.c >&5
configure:9444: $? = 0
configure:9444: result: yes
configure:9444: checking for stdlib.h
configure:9444: gcc -c -g -O2  conftest.c >&5
configure:9444: $? = 0
configure:9444: result: yes
configure:9444: checking for string.h
configure:9444: gcc -c -g -O2  conftest.c >&5
configure:9444: $? = 0
configure:9444: result: yes
configure:9444: checking for memory.h
configure:9444: gcc -c -g -O2  conftest.c >&5
configure:9444: $? = 0
configure:9444: result: yes
configure:9444: checking for strings.h
configure:9444: gcc -c -g -O2  conftest.c >&5
configure:9444: $? = 0
configure:9444: result: yes
configure:9444: checking for inttypes.h
configure:9444: gcc -c -g -O2  conftest.c >&5
configure:9444: $? = 0
configure:9444: result: yes
configure:9444: checking for stdint.h
configure:9444: gcc -c -g -O2  conftest.c >&5
configure:9444: $? = 0
configure:9444: result: yes
configure:9444: checking for unistd.h
configure:9444: gcc -c -g -O2  conftest.c >&5
configure:9444: $? = 0
configure:9444: result: yes
configure:9458: checking for dlfcn.h
configure:9458: gcc -c -g -O2  conftest.c >&5
configure:9458: $? = 0
configure:9458: result: yes
configure:9682: checking for objdir
configure:9697: result: .libs
configure:9961: checking if gcc supports -fno-rtti -fno-exceptions
configure:9979: gcc -c -g -O2  -fno-rtti -fno-exceptions conftest.c >&5
cc1: warning: command line option '-fno-rtti' is valid for C++/D/ObjC++ but not for C
configure:9983: $? = 0
configure:9996: result: no
configure:10360: checking for gcc option to produce PIC
configure:10367: result: -fPIC -DPIC
configure:10375: checking if gcc PIC flag -fPIC -DPIC works
configure:10393: gcc -c -g -O2  -fPIC -DPIC -DPIC conftest.c >&5
configure:10397: $? = 0
configure:10410: result: yes
configure:10439: checking if gcc static flag -static works
configure:10467: result: yes
configure:10482: checking if gcc supports -c -o file.o
configure:10503: gcc -c -g -O2  -o out/conftest2.o conftest.c >&5
configure:10507: $? = 0
configure:10529: result: yes
configure:10537: checking if gcc supports -c -o file.o
configure:10584: result: yes
configure:10617: checking whether the gcc linker (/usr/bin/ld) supports shared libraries
configure:11880: result: yes
configure:12120: checking dynamic linker characteristics
configure:12701: gcc -o conftest -g -O2   -Wl,-rpath -Wl,/foo conftest.c  >&5
configure:12701: $? = 0
configure:12950: result: GNU/Linux ld.so
configure:13072: checking how to hardcode library paths into programs
configure:13097: result: immediate
configure:13645: checking whether stripping libraries is possible
configure:13650: result: yes
configure:13685: checking if libtool supports shared libraries
configure:13687: result: yes
configure:13690: checking whether to build shared libraries
configure:13715: result: no
configure:13718: checking whether to build static libraries
configure:13722: result: yes
configure:10578: checking for ranlib
configure:10605: result: ranlib
configure:10630: checking for ocamlbuild
configure:10660: result: no
configure:11211: checking whether C compiler accepts -mtune=native
configure:11230: gcc -c -mtune=native  conftest.c >&5
configure:11230: $? = 0
configure:11240: result: yes
configure:11250: checking whether C compiler accepts -malign-double
configure:11269: gcc -c -malign-double  conftest.c >&5
gcc: error: unrecognized command line option '-malign-double'
configure:11269: $? = 1
configure: failed program was:
| /* confdefs.h */
| #define PACKAGE_NAME "fftw"
| #define PACKAGE_TARNAME "fftw"
| #define PACKAGE_VERSION "3.3.10"
| #define PACKAGE_STRING "fftw 3.3.10"
| #define PACKAGE_BUGREPORT "fftw@fftw.org"
| #define PACKAGE_URL ""
| #define PACKAGE "fftw"
| #define VERSION "3.3.10"
| #define FFTW_ENABLE_ALLOCA 1
| #define HAVE_AVX 1
| #define STDC_HEADERS 1
| #define HAVE_SYS_TYPES_H 1
| #define HAVE_SYS_STAT_H 1
| #define HAVE_STDLIB_H 1
| #define HAVE_STRING_H 1
| #define HAVE_MEMORY_H 1
| #define HAVE_STRINGS_H 1
| #define HAVE_INTTYPES_H 1
| #define HAVE_STDINT_H 1
| #define HAVE_UNISTD_H 1
| #define HAVE_DLFCN_H 1
| #define LT_OBJDIR ".libs/"
| /* end confdefs.h.  */
| 
| int
| main ()
| {
| 
|   ;
|   return 0;
| }
configure:11279: result: no
configure:11289: checking whether C compiler accepts -fstrict-aliasing
configure:11308: gcc -c -fstrict-aliasing  conftest.c >&5
configure:11308: $? = 0
configure:11318: result: yes
configure:11335: checking whether C compiler accepts -fno-schedule-insns
configure:11354: gcc -c -fno-schedule-insns  conftest.c >&5
configure:11354: $? = 0
configure:11364: result: yes
configure:11538: checking whether C compiler accepts -O3 -fomit-frame-pointer -mtune=native -fstrict-aliasing -fno-schedule-insns
configure:11553: gcc -c -O3 -fomit-frame-pointer -mtune=native -fstrict-aliasing -fno-schedule-insns  conftest.c >&5
configure:11553: $? = 0
configure:11561: result: yes
configure:11704: checking whether C compiler accepts -mavx
configure:11723: gcc -c -mavx  conftest.c >&5
gcc: error: unrecognized command line option '-mavx'
configure:11723: $? = 1
configure: failed program was:
| /* confdefs.h */
| #define PACKAGE_NAME "fftw"
| #define PACKAGE_TARNAME "fftw"
| #define PACKAGE_VERSION "3.3.10"
| #define PACKAGE_STRING "fftw 3.3.10"
| #define PACKAGE_BUGREPORT "fftw@fftw.org"
| #define PACKAGE_URL ""
| #define PACKAGE "fftw"
| #define VERSION "3.3.10"
| #define FFTW_ENABLE_ALLOCA 1
| #define HAVE_AVX 1
| #define STDC_HEADERS 1
| #define HAVE_SYS_TYPES_H 1
| #define HAVE_SYS_STAT_H 1
| #define HAVE_STDLIB_H 1
| #define HAVE_STRING_H 1
| #define HAVE_MEMORY_H 1
| #define HAVE_STRINGS_H 1
| #define HAVE_INTTYPES_H 1
| #define HAVE_STDINT_H 1
| #define HAVE_UNISTD_H 1
| #define HAVE_DLFCN_H 1
| #define LT_OBJDIR ".libs/"
| /* end confdefs.h.  */
| 
| int
| main ()
| {
| 
|   ;
|   return 0;
| }
configure:11733: result: no
configure:11738: error: Need a version of gcc with -mavx

## ---------------- ##
## Cache variables. ##
## ---------------- ##

ac_cv_build=armv7l-unknown-linux-gnueabihf
ac_cv_c_compiler_gnu=yes
ac_cv_env_CC_set=
ac_cv_env_CC_value=
ac_cv_env_CFLAGS_set=
ac_cv_env_CFLAGS_value=
ac_cv_env_CPPFLAGS_set=
ac_cv_env_CPPFLAGS_value=
ac_cv_env_CPP_set=
ac_cv_env_CPP_value=
ac_cv_env_F77_set=
ac_cv_env_F77_value=
ac_cv_env_FFLAGS_set=
ac_cv_env_FFLAGS_value=
ac_cv_env_LDFLAGS_set=
ac_cv_env_LDFLAGS_value=
ac_cv_env_LIBS_set=
ac_cv_env_LIBS_value=
ac_cv_env_LT_SYS_LIBRARY_PATH_set=
ac_cv_env_LT_SYS_LIBRARY_PATH_value=
ac_cv_env_MPICC_set=
ac_cv_env_MPICC_value=
ac_cv_env_build_alias_set=
ac_cv_env_build_alias_value=
ac_cv_env_host_alias_set=
ac_cv_env_host_alias_value=
ac_cv_env_target_alias_set=
ac_cv_env_target_alias_value=
ac_cv_header_dlfcn_h=yes
ac_cv_header_inttypes_h=yes
ac_cv_header_memory_h=yes
ac_cv_header_stdc=yes
ac_cv_header_stdint_h=yes
ac_cv_header_stdlib_h=yes
ac_cv_header_string_h=yes
ac_cv_header_strings_h=yes
ac_cv_header_sys_stat_h=yes
ac_cv_header_sys_types_h=yes
ac_cv_header_unistd_h=yes
ac_cv_host=armv7l-unknown-linux-gnueabihf
ac_cv_objext=o
ac_cv_path_EGREP='/usr/bin/grep -E'
ac_cv_path_FGREP='/usr/bin/grep -F'
ac_cv_path_GREP=/usr/bin/grep
ac_cv_path_SED=/usr/bin/sed
ac_cv_path_install='/usr/bin/install -c'
ac_cv_path_lt_DD=/usr/bin/dd
ac_cv_path_mkdir=/usr/bin/mkdir
ac_cv_prog_AWK=gawk
ac_cv_prog_CPP='gcc -E'
ac_cv_prog_ac_ct_AR=ar
ac_cv_prog_ac_ct_CC=gcc
ac_cv_prog_ac_ct_DLLTOOL=dlltool
ac_cv_prog_ac_ct_MANIFEST_TOOL=mt
ac_cv_prog_ac_ct_OBJDUMP=objdump
ac_cv_prog_ac_ct_RANLIB=ranlib
ac_cv_prog_ac_ct_STRIP=strip
ac_cv_prog_cc_c89=
ac_cv_prog_cc_c99=
ac_cv_prog_cc_g=yes
ac_cv_prog_cc_stdc=
ac_cv_prog_make_make_set=yes
am_cv_CC_dependencies_compiler_type=gcc3
am_cv_make_support_nested_variables=yes
am_cv_prog_cc_c_o=yes
ax_cv_c_compiler_vendor=gnu
ax_cv_c_flags__O3__fomit_frame_pointer__mtune_native__fstrict_aliasing__fno_schedule_insns=yes
ax_cv_c_flags__fno_schedule_insns=yes
ax_cv_c_flags__fstrict_aliasing=yes
ax_cv_c_flags__malign_double=no
ax_cv_c_flags__mavx=no
ax_cv_c_flags__mtune_native=yes
lt_cv_ar_at_file=@
lt_cv_deplibs_check_method=pass_all
lt_cv_file_magic_cmd='$MAGIC_CMD'
lt_cv_file_magic_test_file=
lt_cv_ld_reload_flag=-r
lt_cv_nm_interface='BSD nm'
lt_cv_objdir=.libs
lt_cv_path_LD=/usr/bin/ld
lt_cv_path_NM='/usr/bin/nm -B'
lt_cv_path_mainfest_tool=no
lt_cv_prog_compiler_c_o=yes
lt_cv_prog_compiler_pic='-fPIC -DPIC'
lt_cv_prog_compiler_pic_works=yes
lt_cv_prog_compiler_rtti_exceptions=no
lt_cv_prog_compiler_static_works=yes
lt_cv_prog_gnu_ld=yes
lt_cv_sharedlib_from_linklib_cmd='printf %s\n'
lt_cv_shlibpath_overrides_runpath=yes
lt_cv_sys_global_symbol_pipe='sed -n -e '\''s/^.*[	 ]\([ABCDGIRSTW][ABCDGIRSTW]*\)[	 ][	 ]*\([_A-Za-z][_A-Za-z0-9]*\)$/\1 \2 \2/p'\'' | sed '\''/ __gnu_lto/d'\'''
lt_cv_sys_global_symbol_to_c_name_address='sed -n -e '\''s/^: \(.*\) .*$/  {"\1", (void *) 0},/p'\'' -e '\''s/^[ABCDGIRSTW][ABCDGIRSTW]* .* \(.*\)$/  {"\1", (void *) \&\1},/p'\'''
lt_cv_sys_global_symbol_to_c_name_address_lib_prefix='sed -n -e '\''s/^: \(.*\) .*$/  {"\1", (void *) 0},/p'\'' -e '\''s/^[ABCDGIRSTW][ABCDGIRSTW]* .* \(lib.*\)$/  {"\1", (void *) \&\1},/p'\'' -e '\''s/^[ABCDGIRSTW][ABCDGIRSTW]* .* \(.*\)$/  {"lib\1", (void *) \&\1},/p'\'''
lt_cv_sys_global_symbol_to_cdecl='sed -n -e '\''s/^T .* \(.*\)$/extern int \1();/p'\'' -e '\''s/^[ABCDGIRSTW][ABCDGIRSTW]* .* \(.*\)$/extern char \1;/p'\'''
lt_cv_sys_global_symbol_to_import=
lt_cv_sys_max_cmd_len=1572864
lt_cv_to_host_file_cmd=func_convert_file_noop
lt_cv_to_tool_file_cmd=func_convert_file_noop
lt_cv_truncate_bin='/usr/bin/dd bs=4096 count=1'

## ----------------- ##
## Output variables. ##
## ----------------- ##

ACLOCAL='${SHELL} '\''/home/admin/amodem/NTNU_ROV_COM/lib/janus-c-3.0.5/fftw-3.3.10/missing'\'' aclocal-1.16'
ALLOCA=''
ALTIVEC_CFLAGS=''
AMDEPBACKSLASH='\'
AMDEP_FALSE='#'
AMDEP_TRUE=''
AMTAR='$${TAR-tar}'
AM_BACKSLASH='\'
AM_DEFAULT_V='$(AM_DEFAULT_VERBOSITY)'
AM_DEFAULT_VERBOSITY='1'
AM_V='$(V)'
AR='ar'
AS='as'
AUTOCONF='${SHELL} '\''/home/admin/amodem/NTNU_ROV_COM/lib/janus-c-3.0.5/fftw-3.3.10/missing'\'' autoconf'
AUTOHEADER='${SHELL} '\''/home/admin/amodem/NTNU_ROV_COM/lib/janus-c-3.0.5/fftw-3.3.10/missing'\'' autoheader'
AUTOMAKE='${SHELL} '\''/home/admin/amodem/NTNU_ROV_COM/lib/janus-c-3.0.5/fftw-3.3.10/missing'\'' automake-1.16'
AVX2_CFLAGS=''
AVX512_CFLAGS=''
AVX_128_FMA_CFLAGS=''
AVX_CFLAGS=''
AWK='gawk'
BUILD_DOC_FALSE='#'
BUILD_DOC_TRUE=''
CC='gcc'
CCDEPMODE='depmode=gcc3'
CFLAGS='-O3 -fomit-frame-pointer -mtune=native -fstrict-aliasing -fno-schedule-insns'
CHECK_PL_OPTS=''
COMBINED_THREADS_FALSE=''
COMBINED_THREADS_TRUE=''
CPP='gcc -E'
CPPFLAGS=''
CYGPATH_W='echo'
C_FFTW_R2R_KIND=''
C_MPI_FINT=''
DEFS=''
DEPDIR='.deps'
DLLTOOL='dlltool'
DSYMUTIL=''
DUMPBIN=''
ECHO_C=''
ECHO_N='-n'
ECHO_T=''
EGREP='/usr/bin/grep -E'
EXEEXT=''
F77=''
FFLAGS=''
FGREP='/usr/bin/grep -F'
FLIBS=''
GREP='/usr/bin/grep'
HAVE_ALTIVEC_FALSE=''
HAVE_ALTIVEC_TRUE='#'
HAVE_AVX2_FALSE=''
HAVE_AVX2_TRUE='#'
HAVE_AVX512_FALSE=''
HAVE_AVX512_TRUE='#'
HAVE_AVX_128_FMA_FALSE=''
HAVE_AVX_128_FMA_TRUE='#'
HAVE_AVX_FALSE='#'
HAVE_AVX_TRUE=''
HAVE_GENERIC_SIMD128_FALSE=''
HAVE_GENERIC_SIMD128_TRUE='#'
HAVE_GENERIC_SIMD256_FALSE=''
HAVE_GENERIC_SIMD256_TRUE='#'
HAVE_KCVI_FALSE=''
HAVE_KCVI_TRUE='#'
HAVE_NEON_FALSE=''
HAVE_NEON_TRUE='#'
HAVE_SSE2_FALSE=''
HAVE_SSE2_TRUE='#'
HAVE_VSX_FALSE=''
HAVE_VSX_TRUE='#'
INDENT=''
INSTALL_DATA='${INSTALL} -m 644'
INSTALL_PROGRAM='${INSTALL}'
INSTALL_SCRIPT='${INSTALL}'
INSTALL_STRIP_PROGRAM='$(install_sh) -c -s'
KCVI_CFLAGS=''
LD='/usr/bin/ld'
LDFLAGS=''
LDOUBLE_FALSE=''
LDOUBLE_TRUE='#'
LIBOBJS=''
LIBQUADMATH=''
LIBS=''
LIBTOOL='$(SHELL) $(top_builddir)/libtool'
LIPO=''
LN_S='ln -s'
LTLIBOBJS=''
LT_SYS_LIBRARY_PATH=''
MAINT='#'
MAINTAINER_MODE_FALSE=''
MAINTAINER_MODE_TRUE='#'
MAKEINFO='${SHELL} '\''/home/admin/amodem/NTNU_ROV_COM/lib/janus-c-3.0.5/fftw-3.3.10/missing'\'' makeinfo'
MANIFEST_TOOL=':'
MKDIR_P='/usr/bin/mkdir -p'
MPICC=''
MPILIBS=''
MPIRUN=''
MPI_FALSE=''
MPI_TRUE='#'
NEON_CFLAGS=''
NM='/usr/bin/nm -B'
NMEDIT=''
OBJDUMP='objdump'
OBJEXT='o'
OCAMLBUILD=''
OPENMP_CFLAGS=''
OPENMP_FALSE=''
OPENMP_TRUE=''
OTOOL64=''
OTOOL=''
PACKAGE='fftw'
PACKAGE_BUGREPORT='fftw@fftw.org'
PACKAGE_NAME='fftw'
PACKAGE_STRING='fftw 3.3.10'
PACKAGE_TARNAME='fftw'
PACKAGE_URL=''
PACKAGE_VERSION='3.3.10'
PATH_SEPARATOR=':'
POW_LIB=''
PRECISION='d'
PREC_SUFFIX=''
PTHREAD_CC=''
PTHREAD_CFLAGS=''
PTHREAD_LIBS=''
QUAD_FALSE=''
QUAD_TRUE='#'
RANLIB='ranlib'
SED='/usr/bin/sed'
SET_MAKE=''
SHARED_VERSION_INFO='9:10:6'
SHELL='/bin/bash'
SINGLE_FALSE=''
SINGLE_TRUE='#'
SMP_FALSE=''
SMP_TRUE=''
SSE2_CFLAGS=''
STACK_ALIGN_CFLAGS=''
STRIP='strip'
THREADLIBS=''
THREADS_FALSE=''
THREADS_TRUE=''
VERSION='3.3.10'
VSX_CFLAGS=''
ac_ct_AR='ar'
ac_ct_CC='gcc'
ac_ct_DUMPBIN=''
ac_ct_F77=''
acx_pthread_config=''
am__EXEEXT_FALSE=''
am__EXEEXT_TRUE=''
am__fastdepCC_FALSE='#'
am__fastdepCC_TRUE=''
am__include='include'
am__isrc=''
am__leading_dot='.'
am__nodep='_no'
am__quote=''
am__tar='$${TAR-tar} chof - "$$tardir"'
am__untar='$${TAR-tar} xf -'
bindir='${exec_prefix}/bin'
build='armv7l-unknown-linux-gnueabihf'
build_alias=''
build_cpu='armv7l'
build_os='linux-gnueabihf'
build_vendor='unknown'
datadir='${datarootdir}'
datarootdir='${prefix}/share'
docdir='${datarootdir}/doc/${PACKAGE_TARNAME}'
dvidir='${docdir}'
exec_prefix='NONE'
host='armv7l-unknown-linux-gnueabihf'
host_alias=''
host_cpu='armv7l'
host_os='linux-gnueabihf'
host_vendor='unknown'
htmldir='${docdir}'
includedir='${prefix}/include'
infodir='${datarootdir}/info'
install_sh='${SHELL} /home/admin/amodem/NTNU_ROV_COM/lib/janus-c-3.0.5/fftw-3.3.10/install-sh'
libdir='${exec_prefix}/lib'
libexecdir='${exec_prefix}/libexec'
localedir='${datarootdir}/locale'
localstatedir='${prefix}/var'
mandir='${datarootdir}/man'
mkdir_p='$(MKDIR_P)'
oldincludedir='/usr/include'
pdfdir='${docdir}'
prefix='NONE'
program_transform_name='s,x,x,'
psdir='${docdir}'
runstatedir='${localstatedir}/run'
sbindir='${exec_prefix}/sbin'
sharedstatedir='${prefix}/com'
sysconfdir='${prefix}/etc'
target_alias=''

## ----------- ##
## confdefs.h. ##
## ----------- ##

/* confdefs.h */
#define PACKAGE_NAME "fftw"
#define PACKAGE_TARNAME "fftw"
#define PACKAGE_VERSION "3.3.10"
#define PACKAGE_STRING "fftw 3.3.10"
#define PACKAGE_BUGREPORT "fftw@fftw.org"
#define PACKAGE_URL ""
#define PACKAGE "fftw"
#define VERSION "3.3.10"
#define FFTW_ENABLE_ALLOCA 1
#define HAVE_AVX 1
#define STDC_HEADERS 1
#define HAVE_SYS_TYPES_H 1
#define HAVE_SYS_STAT_H 1
#define HAVE_STDLIB_H 1
#define HAVE_STRING_H 1
#define HAVE_MEMORY_H 1
#define HAVE_STRINGS_H 1
#define HAVE_INTTYPES_H 1
#define HAVE_STDINT_H 1
#define HAVE_UNISTD_H 1
#define HAVE_DLFCN_H 1
#define LT_OBJDIR ".libs/"

configure: exit 1
